{"/Users/pierroberto/Documents/personal projects/chrome-navigator/src/pages/background/actions.js": {"path":"/Users/pierroberto/Documents/personal projects/chrome-navigator/src/pages/background/actions.js","statementMap":{"0":{"start":{"line":3,"column":31},"end":{"line":7,"column":2}},"1":{"start":{"line":3,"column":48},"end":{"line":7,"column":1}},"2":{"start":{"line":9,"column":33},"end":{"line":11,"column":2}},"3":{"start":{"line":9,"column":40},"end":{"line":11,"column":1}},"4":{"start":{"line":13,"column":33},"end":{"line":16,"column":2}},"5":{"start":{"line":13,"column":43},"end":{"line":16,"column":1}},"6":{"start":{"line":18,"column":27},"end":{"line":22,"column":2}},"7":{"start":{"line":18,"column":37},"end":{"line":22,"column":1}},"8":{"start":{"line":24,"column":29},"end":{"line":27,"column":2}},"9":{"start":{"line":24,"column":40},"end":{"line":27,"column":1}},"10":{"start":{"line":29,"column":30},"end":{"line":32,"column":2}},"11":{"start":{"line":29,"column":41},"end":{"line":32,"column":1}},"12":{"start":{"line":34,"column":27},"end":{"line":36,"column":2}},"13":{"start":{"line":34,"column":34},"end":{"line":36,"column":1}},"14":{"start":{"line":40,"column":28},"end":{"line":43,"column":2}},"15":{"start":{"line":40,"column":39},"end":{"line":43,"column":1}},"16":{"start":{"line":45,"column":26},"end":{"line":48,"column":2}},"17":{"start":{"line":45,"column":37},"end":{"line":48,"column":1}},"18":{"start":{"line":50,"column":35},"end":{"line":53,"column":2}},"19":{"start":{"line":50,"column":46},"end":{"line":53,"column":1}},"20":{"start":{"line":58,"column":25},"end":{"line":61,"column":2}},"21":{"start":{"line":58,"column":36},"end":{"line":61,"column":1}},"22":{"start":{"line":63,"column":28},"end":{"line":66,"column":2}},"23":{"start":{"line":63,"column":45},"end":{"line":66,"column":1}}},"fnMap":{"0":{"name":"(anonymous_0)","decl":{"start":{"line":3,"column":31},"end":{"line":3,"column":32}},"loc":{"start":{"line":3,"column":48},"end":{"line":7,"column":1}},"line":3},"1":{"name":"(anonymous_1)","decl":{"start":{"line":9,"column":33},"end":{"line":9,"column":34}},"loc":{"start":{"line":9,"column":40},"end":{"line":11,"column":1}},"line":9},"2":{"name":"(anonymous_2)","decl":{"start":{"line":13,"column":33},"end":{"line":13,"column":34}},"loc":{"start":{"line":13,"column":43},"end":{"line":16,"column":1}},"line":13},"3":{"name":"(anonymous_3)","decl":{"start":{"line":18,"column":27},"end":{"line":18,"column":28}},"loc":{"start":{"line":18,"column":37},"end":{"line":22,"column":1}},"line":18},"4":{"name":"(anonymous_4)","decl":{"start":{"line":24,"column":29},"end":{"line":24,"column":30}},"loc":{"start":{"line":24,"column":40},"end":{"line":27,"column":1}},"line":24},"5":{"name":"(anonymous_5)","decl":{"start":{"line":29,"column":30},"end":{"line":29,"column":31}},"loc":{"start":{"line":29,"column":41},"end":{"line":32,"column":1}},"line":29},"6":{"name":"(anonymous_6)","decl":{"start":{"line":34,"column":27},"end":{"line":34,"column":28}},"loc":{"start":{"line":34,"column":34},"end":{"line":36,"column":1}},"line":34},"7":{"name":"(anonymous_7)","decl":{"start":{"line":40,"column":28},"end":{"line":40,"column":29}},"loc":{"start":{"line":40,"column":39},"end":{"line":43,"column":1}},"line":40},"8":{"name":"(anonymous_8)","decl":{"start":{"line":45,"column":26},"end":{"line":45,"column":27}},"loc":{"start":{"line":45,"column":37},"end":{"line":48,"column":1}},"line":45},"9":{"name":"(anonymous_9)","decl":{"start":{"line":50,"column":35},"end":{"line":50,"column":36}},"loc":{"start":{"line":50,"column":46},"end":{"line":53,"column":1}},"line":50},"10":{"name":"(anonymous_10)","decl":{"start":{"line":58,"column":25},"end":{"line":58,"column":26}},"loc":{"start":{"line":58,"column":36},"end":{"line":61,"column":1}},"line":58},"11":{"name":"(anonymous_11)","decl":{"start":{"line":63,"column":28},"end":{"line":63,"column":29}},"loc":{"start":{"line":63,"column":45},"end":{"line":66,"column":1}},"line":63}},"branchMap":{},"s":{"0":1,"1":0,"2":1,"3":0,"4":1,"5":0,"6":1,"7":1,"8":1,"9":0,"10":1,"11":0,"12":1,"13":0,"14":1,"15":0,"16":1,"17":0,"18":1,"19":0,"20":1,"21":0,"22":1,"23":0},"f":{"0":0,"1":0,"2":0,"3":1,"4":0,"5":0,"6":0,"7":0,"8":0,"9":0,"10":0,"11":0},"b":{},"_coverageSchema":"332fd63041d2c1bcb487cc26dd0d5f7d97098a6c","hash":"f0f5f6da0398a0afa9c27bb1ff6f6f5852e197db"}
,"/Users/pierroberto/Documents/personal projects/chrome-navigator/src/pages/popup/App.js": {"path":"/Users/pierroberto/Documents/personal projects/chrome-navigator/src/pages/popup/App.js","statementMap":{"0":{"start":{"line":13,"column":4},"end":{"line":22,"column":5}}},"fnMap":{"0":{"name":"(anonymous_0)","decl":{"start":{"line":12,"column":2},"end":{"line":12,"column":3}},"loc":{"start":{"line":12,"column":12},"end":{"line":23,"column":3}},"line":12}},"branchMap":{},"s":{"0":1},"f":{"0":1},"b":{},"_coverageSchema":"332fd63041d2c1bcb487cc26dd0d5f7d97098a6c","hash":"6b6c67769ceedff2ed5e5a86bdefc1ee03c55b99"}
,"/Users/pierroberto/Documents/personal projects/chrome-navigator/src/pages/popup/Dashboard.js": {"path":"/Users/pierroberto/Documents/personal projects/chrome-navigator/src/pages/popup/Dashboard.js","statementMap":{"0":{"start":{"line":19,"column":4},"end":{"line":19,"column":17}},"1":{"start":{"line":23,"column":4},"end":{"line":39,"column":7}},"2":{"start":{"line":24,"column":6},"end":{"line":26,"column":9}},"3":{"start":{"line":25,"column":8},"end":{"line":25,"column":23}},"4":{"start":{"line":28,"column":6},"end":{"line":28,"column":76}},"5":{"start":{"line":28,"column":31},"end":{"line":28,"column":76}},"6":{"start":{"line":29,"column":6},"end":{"line":30,"column":63}},"7":{"start":{"line":30,"column":8},"end":{"line":30,"column":63}},"8":{"start":{"line":31,"column":19},"end":{"line":31,"column":38}},"9":{"start":{"line":32,"column":6},"end":{"line":38,"column":7}},"10":{"start":{"line":33,"column":8},"end":{"line":33,"column":29}},"11":{"start":{"line":36,"column":8},"end":{"line":36,"column":42}},"12":{"start":{"line":37,"column":8},"end":{"line":37,"column":29}},"13":{"start":{"line":43,"column":4},"end":{"line":45,"column":5}},"14":{"start":{"line":44,"column":6},"end":{"line":44,"column":79}},"15":{"start":{"line":44,"column":66},"end":{"line":44,"column":79}},"16":{"start":{"line":46,"column":4},"end":{"line":46,"column":16}},"17":{"start":{"line":50,"column":4},"end":{"line":50,"column":27}},"18":{"start":{"line":54,"column":4},"end":{"line":54,"column":30}},"19":{"start":{"line":55,"column":4},"end":{"line":55,"column":16}},"20":{"start":{"line":61,"column":4},"end":{"line":65,"column":7}},"21":{"start":{"line":62,"column":6},"end":{"line":64,"column":7}},"22":{"start":{"line":63,"column":8},"end":{"line":63,"column":64}},"23":{"start":{"line":69,"column":4},"end":{"line":78,"column":5}},"24":{"start":{"line":70,"column":6},"end":{"line":77,"column":8}},"25":{"start":{"line":85,"column":4},"end":{"line":88,"column":5}},"26":{"start":{"line":86,"column":6},"end":{"line":86,"column":26}},"27":{"start":{"line":87,"column":6},"end":{"line":87,"column":41}},"28":{"start":{"line":90,"column":4},"end":{"line":138,"column":6}},"29":{"start":{"line":101,"column":35},"end":{"line":101,"column":54}},"30":{"start":{"line":142,"column":24},"end":{"line":146,"column":2}},"31":{"start":{"line":142,"column":34},"end":{"line":146,"column":1}},"32":{"start":{"line":148,"column":27},"end":{"line":154,"column":2}},"33":{"start":{"line":148,"column":40},"end":{"line":154,"column":1}},"34":{"start":{"line":149,"column":14},"end":{"line":149,"column":40}},"35":{"start":{"line":150,"column":19},"end":{"line":150,"column":50}},"36":{"start":{"line":151,"column":19},"end":{"line":151,"column":48}},"37":{"start":{"line":152,"column":20},"end":{"line":152,"column":52}},"38":{"start":{"line":153,"column":28},"end":{"line":153,"column":57}}},"fnMap":{"0":{"name":"(anonymous_0)","decl":{"start":{"line":18,"column":2},"end":{"line":18,"column":3}},"loc":{"start":{"line":18,"column":21},"end":{"line":20,"column":3}},"line":18},"1":{"name":"(anonymous_1)","decl":{"start":{"line":22,"column":2},"end":{"line":22,"column":3}},"loc":{"start":{"line":22,"column":17},"end":{"line":40,"column":3}},"line":22},"2":{"name":"(anonymous_2)","decl":{"start":{"line":23,"column":23},"end":{"line":23,"column":24}},"loc":{"start":{"line":23,"column":47},"end":{"line":27,"column":5}},"line":23},"3":{"name":"(anonymous_3)","decl":{"start":{"line":24,"column":67},"end":{"line":24,"column":68}},"loc":{"start":{"line":24,"column":75},"end":{"line":26,"column":7}},"line":24},"4":{"name":"(anonymous_4)","decl":{"start":{"line":27,"column":12},"end":{"line":27,"column":13}},"loc":{"start":{"line":27,"column":20},"end":{"line":39,"column":5}},"line":27},"5":{"name":"(anonymous_5)","decl":{"start":{"line":42,"column":2},"end":{"line":42,"column":3}},"loc":{"start":{"line":42,"column":17},"end":{"line":47,"column":3}},"line":42},"6":{"name":"(anonymous_6)","decl":{"start":{"line":49,"column":2},"end":{"line":49,"column":3}},"loc":{"start":{"line":49,"column":13},"end":{"line":51,"column":3}},"line":49},"7":{"name":"(anonymous_7)","decl":{"start":{"line":53,"column":14},"end":{"line":53,"column":15}},"loc":{"start":{"line":53,"column":21},"end":{"line":56,"column":3}},"line":53},"8":{"name":"(anonymous_8)","decl":{"start":{"line":58,"column":2},"end":{"line":58,"column":3}},"loc":{"start":{"line":58,"column":22},"end":{"line":66,"column":3}},"line":58},"9":{"name":"(anonymous_9)","decl":{"start":{"line":61,"column":33},"end":{"line":61,"column":34}},"loc":{"start":{"line":61,"column":40},"end":{"line":65,"column":5}},"line":61},"10":{"name":"(anonymous_10)","decl":{"start":{"line":68,"column":2},"end":{"line":68,"column":3}},"loc":{"start":{"line":68,"column":16},"end":{"line":79,"column":3}},"line":68},"11":{"name":"(anonymous_11)","decl":{"start":{"line":83,"column":2},"end":{"line":83,"column":3}},"loc":{"start":{"line":83,"column":11},"end":{"line":139,"column":3}},"line":83},"12":{"name":"(anonymous_12)","decl":{"start":{"line":101,"column":29},"end":{"line":101,"column":30}},"loc":{"start":{"line":101,"column":35},"end":{"line":101,"column":54}},"line":101},"13":{"name":"(anonymous_13)","decl":{"start":{"line":142,"column":24},"end":{"line":142,"column":25}},"loc":{"start":{"line":142,"column":34},"end":{"line":146,"column":1}},"line":142},"14":{"name":"(anonymous_14)","decl":{"start":{"line":148,"column":27},"end":{"line":148,"column":28}},"loc":{"start":{"line":148,"column":40},"end":{"line":154,"column":1}},"line":148},"15":{"name":"(anonymous_15)","decl":{"start":{"line":149,"column":7},"end":{"line":149,"column":8}},"loc":{"start":{"line":149,"column":14},"end":{"line":149,"column":40}},"line":149},"16":{"name":"(anonymous_16)","decl":{"start":{"line":150,"column":11},"end":{"line":150,"column":12}},"loc":{"start":{"line":150,"column":19},"end":{"line":150,"column":50}},"line":150},"17":{"name":"(anonymous_17)","decl":{"start":{"line":151,"column":13},"end":{"line":151,"column":14}},"loc":{"start":{"line":151,"column":19},"end":{"line":151,"column":48}},"line":151},"18":{"name":"(anonymous_18)","decl":{"start":{"line":152,"column":13},"end":{"line":152,"column":14}},"loc":{"start":{"line":152,"column":20},"end":{"line":152,"column":52}},"line":152},"19":{"name":"(anonymous_19)","decl":{"start":{"line":153,"column":20},"end":{"line":153,"column":21}},"loc":{"start":{"line":153,"column":28},"end":{"line":153,"column":57}},"line":153}},"branchMap":{"0":{"loc":{"start":{"line":28,"column":6},"end":{"line":28,"column":76}},"type":"if","locations":[{"start":{"line":28,"column":6},"end":{"line":28,"column":76}},{"start":{"line":28,"column":6},"end":{"line":28,"column":76}}],"line":28},"1":{"loc":{"start":{"line":29,"column":6},"end":{"line":30,"column":63}},"type":"if","locations":[{"start":{"line":29,"column":6},"end":{"line":30,"column":63}},{"start":{"line":29,"column":6},"end":{"line":30,"column":63}}],"line":29},"2":{"loc":{"start":{"line":32,"column":6},"end":{"line":38,"column":7}},"type":"if","locations":[{"start":{"line":32,"column":6},"end":{"line":38,"column":7}},{"start":{"line":32,"column":6},"end":{"line":38,"column":7}}],"line":32},"3":{"loc":{"start":{"line":44,"column":6},"end":{"line":44,"column":79}},"type":"if","locations":[{"start":{"line":44,"column":6},"end":{"line":44,"column":79}},{"start":{"line":44,"column":6},"end":{"line":44,"column":79}}],"line":44},"4":{"loc":{"start":{"line":62,"column":6},"end":{"line":64,"column":7}},"type":"if","locations":[{"start":{"line":62,"column":6},"end":{"line":64,"column":7}},{"start":{"line":62,"column":6},"end":{"line":64,"column":7}}],"line":62},"5":{"loc":{"start":{"line":69,"column":4},"end":{"line":78,"column":5}},"type":"if","locations":[{"start":{"line":69,"column":4},"end":{"line":78,"column":5}},{"start":{"line":69,"column":4},"end":{"line":78,"column":5}}],"line":69},"6":{"loc":{"start":{"line":85,"column":4},"end":{"line":88,"column":5}},"type":"if","locations":[{"start":{"line":85,"column":4},"end":{"line":88,"column":5}},{"start":{"line":85,"column":4},"end":{"line":88,"column":5}}],"line":85},"7":{"loc":{"start":{"line":112,"column":21},"end":{"line":112,"column":77}},"type":"cond-expr","locations":[{"start":{"line":112,"column":57},"end":{"line":112,"column":66}},{"start":{"line":112,"column":69},"end":{"line":112,"column":77}}],"line":112}},"s":{"0":0,"1":0,"2":0,"3":0,"4":0,"5":0,"6":0,"7":0,"8":0,"9":0,"10":0,"11":0,"12":0,"13":0,"14":0,"15":0,"16":0,"17":0,"18":0,"19":0,"20":0,"21":0,"22":0,"23":0,"24":0,"25":0,"26":0,"27":0,"28":0,"29":0,"30":1,"31":0,"32":1,"33":0,"34":0,"35":0,"36":0,"37":0,"38":0},"f":{"0":0,"1":0,"2":0,"3":0,"4":0,"5":0,"6":0,"7":0,"8":0,"9":0,"10":0,"11":0,"12":0,"13":0,"14":0,"15":0,"16":0,"17":0,"18":0,"19":0},"b":{"0":[0,0],"1":[0,0],"2":[0,0],"3":[0,0],"4":[0,0],"5":[0,0],"6":[0,0],"7":[0,0]},"_coverageSchema":"332fd63041d2c1bcb487cc26dd0d5f7d97098a6c","hash":"c889d56ab1ea7e8ed82bd7ed9fb154ac4dac57c1"}
,"/Users/pierroberto/Documents/personal projects/chrome-navigator/src/pages/popup/ItemView.js": {"path":"/Users/pierroberto/Documents/personal projects/chrome-navigator/src/pages/popup/ItemView.js","statementMap":{"0":{"start":{"line":7,"column":4},"end":{"line":17,"column":5}},"1":{"start":{"line":8,"column":6},"end":{"line":15,"column":7}},"2":{"start":{"line":12,"column":25},"end":{"line":12,"column":65}},"3":{"start":{"line":21,"column":4},"end":{"line":21,"column":81}},"4":{"start":{"line":21,"column":28},"end":{"line":21,"column":81}},"5":{"start":{"line":23,"column":17},"end":{"line":23,"column":88}},"6":{"start":{"line":24,"column":20},"end":{"line":24,"column":44}},"7":{"start":{"line":25,"column":20},"end":{"line":25,"column":51}},"8":{"start":{"line":26,"column":18},"end":{"line":26,"column":54}},"9":{"start":{"line":27,"column":17},"end":{"line":27,"column":58}},"10":{"start":{"line":29,"column":4},"end":{"line":37,"column":5}},"11":{"start":{"line":30,"column":6},"end":{"line":30,"column":125}},"12":{"start":{"line":31,"column":11},"end":{"line":37,"column":5}},"13":{"start":{"line":32,"column":6},"end":{"line":32,"column":125}},"14":{"start":{"line":33,"column":11},"end":{"line":37,"column":5}},"15":{"start":{"line":34,"column":6},"end":{"line":34,"column":115}},"16":{"start":{"line":36,"column":6},"end":{"line":36,"column":109}},"17":{"start":{"line":38,"column":4},"end":{"line":42,"column":5}},"18":{"start":{"line":46,"column":4},"end":{"line":65,"column":5}}},"fnMap":{"0":{"name":"(anonymous_0)","decl":{"start":{"line":6,"column":2},"end":{"line":6,"column":3}},"loc":{"start":{"line":6,"column":22},"end":{"line":18,"column":3}},"line":6},"1":{"name":"(anonymous_1)","decl":{"start":{"line":12,"column":21},"end":{"line":12,"column":22}},"loc":{"start":{"line":12,"column":25},"end":{"line":12,"column":65}},"line":12},"2":{"name":"(anonymous_2)","decl":{"start":{"line":20,"column":2},"end":{"line":20,"column":3}},"loc":{"start":{"line":20,"column":21},"end":{"line":43,"column":3}},"line":20},"3":{"name":"(anonymous_3)","decl":{"start":{"line":45,"column":2},"end":{"line":45,"column":3}},"loc":{"start":{"line":45,"column":12},"end":{"line":66,"column":3}},"line":45}},"branchMap":{"0":{"loc":{"start":{"line":7,"column":4},"end":{"line":17,"column":5}},"type":"if","locations":[{"start":{"line":7,"column":4},"end":{"line":17,"column":5}},{"start":{"line":7,"column":4},"end":{"line":17,"column":5}}],"line":7},"1":{"loc":{"start":{"line":21,"column":4},"end":{"line":21,"column":81}},"type":"if","locations":[{"start":{"line":21,"column":4},"end":{"line":21,"column":81}},{"start":{"line":21,"column":4},"end":{"line":21,"column":81}}],"line":21},"2":{"loc":{"start":{"line":29,"column":4},"end":{"line":37,"column":5}},"type":"if","locations":[{"start":{"line":29,"column":4},"end":{"line":37,"column":5}},{"start":{"line":29,"column":4},"end":{"line":37,"column":5}}],"line":29},"3":{"loc":{"start":{"line":30,"column":6},"end":{"line":30,"column":124}},"type":"cond-expr","locations":[{"start":{"line":30,"column":36},"end":{"line":30,"column":78}},{"start":{"line":30,"column":81},"end":{"line":30,"column":124}}],"line":30},"4":{"loc":{"start":{"line":31,"column":11},"end":{"line":37,"column":5}},"type":"if","locations":[{"start":{"line":31,"column":11},"end":{"line":37,"column":5}},{"start":{"line":31,"column":11},"end":{"line":37,"column":5}}],"line":31},"5":{"loc":{"start":{"line":32,"column":6},"end":{"line":32,"column":124}},"type":"cond-expr","locations":[{"start":{"line":32,"column":36},"end":{"line":32,"column":78}},{"start":{"line":32,"column":81},"end":{"line":32,"column":124}}],"line":32},"6":{"loc":{"start":{"line":33,"column":11},"end":{"line":37,"column":5}},"type":"if","locations":[{"start":{"line":33,"column":11},"end":{"line":37,"column":5}},{"start":{"line":33,"column":11},"end":{"line":37,"column":5}}],"line":33},"7":{"loc":{"start":{"line":34,"column":6},"end":{"line":34,"column":114}},"type":"cond-expr","locations":[{"start":{"line":34,"column":34},"end":{"line":34,"column":72}},{"start":{"line":34,"column":75},"end":{"line":34,"column":114}}],"line":34},"8":{"loc":{"start":{"line":36,"column":6},"end":{"line":36,"column":109}},"type":"cond-expr","locations":[{"start":{"line":36,"column":33},"end":{"line":36,"column":69}},{"start":{"line":36,"column":72},"end":{"line":36,"column":109}}],"line":36}},"s":{"0":0,"1":0,"2":0,"3":0,"4":0,"5":0,"6":0,"7":0,"8":0,"9":0,"10":0,"11":0,"12":0,"13":0,"14":0,"15":0,"16":0,"17":0,"18":0},"f":{"0":0,"1":0,"2":0,"3":0},"b":{"0":[0,0],"1":[0,0],"2":[0,0],"3":[0,0],"4":[0,0],"5":[0,0],"6":[0,0],"7":[0,0],"8":[0,0]},"_coverageSchema":"332fd63041d2c1bcb487cc26dd0d5f7d97098a6c","hash":"81b2e300af0315a851c8a4c86e3526b4cb156925"}
,"/Users/pierroberto/Documents/personal projects/chrome-navigator/src/pages/popup/ListView.js": {"path":"/Users/pierroberto/Documents/personal projects/chrome-navigator/src/pages/popup/ListView.js","statementMap":{"0":{"start":{"line":9,"column":4},"end":{"line":13,"column":5}},"1":{"start":{"line":10,"column":6},"end":{"line":12,"column":7}},"2":{"start":{"line":14,"column":4},"end":{"line":27,"column":7}},"3":{"start":{"line":15,"column":6},"end":{"line":26,"column":7}},"4":{"start":{"line":31,"column":4},"end":{"line":35,"column":5}}},"fnMap":{"0":{"name":"(anonymous_0)","decl":{"start":{"line":8,"column":2},"end":{"line":8,"column":3}},"loc":{"start":{"line":8,"column":16},"end":{"line":28,"column":3}},"line":8},"1":{"name":"(anonymous_1)","decl":{"start":{"line":14,"column":32},"end":{"line":14,"column":33}},"loc":{"start":{"line":14,"column":39},"end":{"line":27,"column":5}},"line":14},"2":{"name":"(anonymous_2)","decl":{"start":{"line":30,"column":2},"end":{"line":30,"column":3}},"loc":{"start":{"line":30,"column":12},"end":{"line":36,"column":3}},"line":30}},"branchMap":{"0":{"loc":{"start":{"line":9,"column":4},"end":{"line":13,"column":5}},"type":"if","locations":[{"start":{"line":9,"column":4},"end":{"line":13,"column":5}},{"start":{"line":9,"column":4},"end":{"line":13,"column":5}}],"line":9}},"s":{"0":0,"1":0,"2":0,"3":0,"4":0},"f":{"0":0,"1":0,"2":0},"b":{"0":[0,0]},"_coverageSchema":"332fd63041d2c1bcb487cc26dd0d5f7d97098a6c","hash":"3de8075a7a0c2588ac089e066c02b7cbba2ccb86"}
,"/Users/pierroberto/Documents/personal projects/chrome-navigator/src/pages/popup/Search.js": {"path":"/Users/pierroberto/Documents/personal projects/chrome-navigator/src/pages/popup/Search.js","statementMap":{"0":{"start":{"line":10,"column":4},"end":{"line":18,"column":5}},"1":{"start":{"line":11,"column":6},"end":{"line":17,"column":7}},"2":{"start":{"line":22,"column":4},"end":{"line":22,"column":28}},"3":{"start":{"line":27,"column":4},"end":{"line":32,"column":5}},"4":{"start":{"line":29,"column":44},"end":{"line":29,"column":83}},"5":{"start":{"line":37,"column":24},"end":{"line":41,"column":2}},"6":{"start":{"line":37,"column":36},"end":{"line":41,"column":1}},"7":{"start":{"line":43,"column":28},"end":{"line":48,"column":2}},"8":{"start":{"line":43,"column":43},"end":{"line":48,"column":1}},"9":{"start":{"line":44,"column":26},"end":{"line":44,"column":56}},"10":{"start":{"line":45,"column":21},"end":{"line":45,"column":44}},"11":{"start":{"line":46,"column":33},"end":{"line":46,"column":67}}},"fnMap":{"0":{"name":"(anonymous_0)","decl":{"start":{"line":9,"column":12},"end":{"line":9,"column":13}},"loc":{"start":{"line":9,"column":18},"end":{"line":19,"column":3}},"line":9},"1":{"name":"(anonymous_1)","decl":{"start":{"line":21,"column":2},"end":{"line":21,"column":3}},"loc":{"start":{"line":21,"column":22},"end":{"line":23,"column":3}},"line":21},"2":{"name":"(anonymous_2)","decl":{"start":{"line":26,"column":2},"end":{"line":26,"column":3}},"loc":{"start":{"line":26,"column":12},"end":{"line":33,"column":3}},"line":26},"3":{"name":"(anonymous_3)","decl":{"start":{"line":29,"column":37},"end":{"line":29,"column":38}},"loc":{"start":{"line":29,"column":44},"end":{"line":29,"column":83}},"line":29},"4":{"name":"(anonymous_4)","decl":{"start":{"line":37,"column":24},"end":{"line":37,"column":25}},"loc":{"start":{"line":37,"column":36},"end":{"line":41,"column":1}},"line":37},"5":{"name":"(anonymous_5)","decl":{"start":{"line":43,"column":28},"end":{"line":43,"column":29}},"loc":{"start":{"line":43,"column":43},"end":{"line":48,"column":1}},"line":43},"6":{"name":"(anonymous_6)","decl":{"start":{"line":44,"column":16},"end":{"line":44,"column":17}},"loc":{"start":{"line":44,"column":26},"end":{"line":44,"column":56}},"line":44},"7":{"name":"(anonymous_7)","decl":{"start":{"line":45,"column":15},"end":{"line":45,"column":16}},"loc":{"start":{"line":45,"column":21},"end":{"line":45,"column":44}},"line":45},"8":{"name":"(anonymous_8)","decl":{"start":{"line":46,"column":17},"end":{"line":46,"column":18}},"loc":{"start":{"line":46,"column":33},"end":{"line":46,"column":67}},"line":46}},"branchMap":{"0":{"loc":{"start":{"line":10,"column":4},"end":{"line":18,"column":5}},"type":"if","locations":[{"start":{"line":10,"column":4},"end":{"line":18,"column":5}},{"start":{"line":10,"column":4},"end":{"line":18,"column":5}}],"line":10}},"s":{"0":0,"1":0,"2":0,"3":0,"4":0,"5":1,"6":0,"7":1,"8":0,"9":0,"10":0,"11":0},"f":{"0":0,"1":0,"2":0,"3":0,"4":0,"5":0,"6":0,"7":0,"8":0},"b":{"0":[0,0]},"_coverageSchema":"332fd63041d2c1bcb487cc26dd0d5f7d97098a6c","hash":"19a26a32c7d5a4cd42016f75aea775efbdad3b9d"}
,"/Users/pierroberto/Documents/personal projects/chrome-navigator/src/pages/popup/Settings.js": {"path":"/Users/pierroberto/Documents/personal projects/chrome-navigator/src/pages/popup/Settings.js","statementMap":{"0":{"start":{"line":17,"column":4},"end":{"line":64,"column":6}},"1":{"start":{"line":32,"column":31},"end":{"line":32,"column":74}},"2":{"start":{"line":50,"column":31},"end":{"line":50,"column":66}},"3":{"start":{"line":58,"column":31},"end":{"line":58,"column":73}},"4":{"start":{"line":68,"column":24},"end":{"line":71,"column":2}},"5":{"start":{"line":68,"column":34},"end":{"line":71,"column":1}},"6":{"start":{"line":73,"column":27},"end":{"line":77,"column":2}},"7":{"start":{"line":73,"column":40},"end":{"line":77,"column":1}},"8":{"start":{"line":74,"column":18},"end":{"line":74,"column":46}},"9":{"start":{"line":75,"column":25},"end":{"line":75,"column":60}},"10":{"start":{"line":76,"column":18},"end":{"line":76,"column":44}}},"fnMap":{"0":{"name":"(anonymous_0)","decl":{"start":{"line":16,"column":2},"end":{"line":16,"column":3}},"loc":{"start":{"line":16,"column":11},"end":{"line":65,"column":3}},"line":16},"1":{"name":"(anonymous_1)","decl":{"start":{"line":32,"column":26},"end":{"line":32,"column":27}},"loc":{"start":{"line":32,"column":31},"end":{"line":32,"column":74}},"line":32},"2":{"name":"(anonymous_2)","decl":{"start":{"line":50,"column":26},"end":{"line":50,"column":27}},"loc":{"start":{"line":50,"column":31},"end":{"line":50,"column":66}},"line":50},"3":{"name":"(anonymous_3)","decl":{"start":{"line":58,"column":26},"end":{"line":58,"column":27}},"loc":{"start":{"line":58,"column":31},"end":{"line":58,"column":73}},"line":58},"4":{"name":"(anonymous_4)","decl":{"start":{"line":68,"column":24},"end":{"line":68,"column":25}},"loc":{"start":{"line":68,"column":34},"end":{"line":71,"column":1}},"line":68},"5":{"name":"(anonymous_5)","decl":{"start":{"line":73,"column":27},"end":{"line":73,"column":28}},"loc":{"start":{"line":73,"column":40},"end":{"line":77,"column":1}},"line":73},"6":{"name":"(anonymous_6)","decl":{"start":{"line":74,"column":10},"end":{"line":74,"column":11}},"loc":{"start":{"line":74,"column":18},"end":{"line":74,"column":46}},"line":74},"7":{"name":"(anonymous_7)","decl":{"start":{"line":75,"column":17},"end":{"line":75,"column":18}},"loc":{"start":{"line":75,"column":25},"end":{"line":75,"column":60}},"line":75},"8":{"name":"(anonymous_8)","decl":{"start":{"line":76,"column":10},"end":{"line":76,"column":11}},"loc":{"start":{"line":76,"column":18},"end":{"line":76,"column":44}},"line":76}},"branchMap":{},"s":{"0":0,"1":0,"2":0,"3":0,"4":1,"5":0,"6":1,"7":0,"8":0,"9":0,"10":0},"f":{"0":0,"1":0,"2":0,"3":0,"4":0,"5":0,"6":0,"7":0,"8":0},"b":{},"_coverageSchema":"332fd63041d2c1bcb487cc26dd0d5f7d97098a6c","hash":"14bf84bb6412f40b226801d8c016ff7d95cdee35"}
}
